{"C:\\Users\\pk219\\Desktop\\namasteReact\\src\\components\\BodyComponent.js": {"path":"C:\\Users\\pk219\\Desktop\\namasteReact\\src\\components\\BodyComponent.js","statementMap":{"0":{"start":{"line":11,"column":20},"end":{"line":83,"column":1}},"1":{"start":{"line":12,"column":33},"end":{"line":12,"column":45}},"2":{"start":{"line":13,"column":40},"end":{"line":13,"column":52}},"3":{"start":{"line":14,"column":33},"end":{"line":14,"column":45}},"4":{"start":{"line":15,"column":37},"end":{"line":15,"column":60}},"5":{"start":{"line":17,"column":19},"end":{"line":17,"column":32}},"6":{"start":{"line":18,"column":21},"end":{"line":21,"column":5}},"7":{"start":{"line":19,"column":8},"end":{"line":19,"column":42}},"8":{"start":{"line":20,"column":8},"end":{"line":20,"column":35}},"9":{"start":{"line":22,"column":4},"end":{"line":22,"column":26}},"10":{"start":{"line":24,"column":31},"end":{"line":24,"column":67}},"11":{"start":{"line":26,"column":4},"end":{"line":28,"column":10}},"12":{"start":{"line":27,"column":8},"end":{"line":27,"column":18}},"13":{"start":{"line":29,"column":18},"end":{"line":44,"column":5}},"14":{"start":{"line":31,"column":8},"end":{"line":38,"column":9}},"15":{"start":{"line":32,"column":16},"end":{"line":32,"column":163}},"16":{"start":{"line":33,"column":8},"end":{"line":33,"column":30}},"17":{"start":{"line":37,"column":12},"end":{"line":37,"column":52}},"18":{"start":{"line":39,"column":8},"end":{"line":39,"column":26}},"19":{"start":{"line":40,"column":18},"end":{"line":40,"column":85}},"20":{"start":{"line":42,"column":8},"end":{"line":42,"column":25}},"21":{"start":{"line":43,"column":8},"end":{"line":43,"column":29}},"22":{"start":{"line":45,"column":12},"end":{"line":45,"column":13}},"23":{"start":{"line":46,"column":20},"end":{"line":46,"column":22}},"24":{"start":{"line":47,"column":4},"end":{"line":47,"column":26}},"25":{"start":{"line":48,"column":4},"end":{"line":82,"column":6}},"26":{"start":{"line":51,"column":28},"end":{"line":51,"column":56}},"27":{"start":{"line":52,"column":16},"end":{"line":52,"column":38}},"28":{"start":{"line":55,"column":16},"end":{"line":55,"column":38}},"29":{"start":{"line":56,"column":33},"end":{"line":56,"column":101}},"30":{"start":{"line":56,"column":54},"end":{"line":56,"column":100}},"31":{"start":{"line":57,"column":16},"end":{"line":57,"column":42}},"32":{"start":{"line":58,"column":16},"end":{"line":58,"column":46}},"33":{"start":{"line":62,"column":33},"end":{"line":62,"column":77}},"34":{"start":{"line":62,"column":54},"end":{"line":62,"column":76}},"35":{"start":{"line":63,"column":16},"end":{"line":63,"column":42}},"36":{"start":{"line":64,"column":16},"end":{"line":64,"column":46}},"37":{"start":{"line":68,"column":28},"end":{"line":68,"column":56}},"38":{"start":{"line":69,"column":16},"end":{"line":69,"column":42}},"39":{"start":{"line":73,"column":12},"end":{"line":73,"column":18}},"40":{"start":{"line":74,"column":12},"end":{"line":75,"column":113}}},"fnMap":{"0":{"name":"(anonymous_0)","decl":{"start":{"line":11,"column":20},"end":{"line":11,"column":21}},"loc":{"start":{"line":11,"column":24},"end":{"line":83,"column":1}},"line":11},"1":{"name":"(anonymous_1)","decl":{"start":{"line":18,"column":21},"end":{"line":18,"column":22}},"loc":{"start":{"line":18,"column":25},"end":{"line":21,"column":5}},"line":18},"2":{"name":"(anonymous_2)","decl":{"start":{"line":26,"column":14},"end":{"line":26,"column":15}},"loc":{"start":{"line":26,"column":18},"end":{"line":28,"column":5}},"line":26},"3":{"name":"(anonymous_3)","decl":{"start":{"line":29,"column":18},"end":{"line":29,"column":19}},"loc":{"start":{"line":29,"column":27},"end":{"line":44,"column":5}},"line":29},"4":{"name":"(anonymous_4)","decl":{"start":{"line":51,"column":22},"end":{"line":51,"column":23}},"loc":{"start":{"line":51,"column":27},"end":{"line":52,"column":39}},"line":51},"5":{"name":"(anonymous_5)","decl":{"start":{"line":54,"column":43},"end":{"line":54,"column":44}},"loc":{"start":{"line":54,"column":47},"end":{"line":59,"column":13}},"line":54},"6":{"name":"(anonymous_6)","decl":{"start":{"line":56,"column":49},"end":{"line":56,"column":50}},"loc":{"start":{"line":56,"column":54},"end":{"line":56,"column":100}},"line":56},"7":{"name":"(anonymous_7)","decl":{"start":{"line":61,"column":43},"end":{"line":61,"column":44}},"loc":{"start":{"line":61,"column":47},"end":{"line":65,"column":13}},"line":61},"8":{"name":"(anonymous_8)","decl":{"start":{"line":62,"column":49},"end":{"line":62,"column":50}},"loc":{"start":{"line":62,"column":54},"end":{"line":62,"column":76}},"line":62},"9":{"name":"(anonymous_9)","decl":{"start":{"line":68,"column":22},"end":{"line":68,"column":23}},"loc":{"start":{"line":68,"column":27},"end":{"line":69,"column":43}},"line":68},"10":{"name":"(anonymous_10)","decl":{"start":{"line":72,"column":42},"end":{"line":72,"column":43}},"loc":{"start":{"line":72,"column":49},"end":{"line":76,"column":13}},"line":72}},"branchMap":{"0":{"loc":{"start":{"line":48,"column":11},"end":{"line":82,"column":5}},"type":"cond-expr","locations":[{"start":{"line":48,"column":30},"end":{"line":48,"column":40}},{"start":{"line":49,"column":8},"end":{"line":81,"column":14}}],"line":48},"1":{"loc":{"start":{"line":74,"column":19},"end":{"line":75,"column":113}},"type":"cond-expr","locations":[{"start":{"line":74,"column":41},"end":{"line":74,"column":170}},{"start":{"line":75,"column":13},"end":{"line":75,"column":113}}],"line":74}},"s":{"0":1,"1":5,"2":4,"3":4,"4":4,"5":4,"6":4,"7":0,"8":0,"9":4,"10":4,"11":4,"12":1,"13":4,"14":1,"15":1,"16":1,"17":0,"18":1,"19":1,"20":1,"21":1,"22":4,"23":4,"24":4,"25":4,"26":1,"27":1,"28":1,"29":1,"30":8,"31":1,"32":1,"33":0,"34":0,"35":0,"36":0,"37":0,"38":0,"39":17,"40":17},"f":{"0":5,"1":0,"2":1,"3":1,"4":1,"5":1,"6":8,"7":0,"8":0,"9":0,"10":17},"b":{"0":[1,3],"1":[15,2]},"_coverageSchema":"1a1c01bbd47fc00a2c39e90264f33305004495a9","hash":"90758c82d767c7406a609877eb0415c7eb9a3c1c"}
,"C:\\Users\\pk219\\Desktop\\namasteReact\\src\\components\\CardComponent.js": {"path":"C:\\Users\\pk219\\Desktop\\namasteReact\\src\\components\\CardComponent.js","statementMap":{"0":{"start":{"line":3,"column":20},"end":{"line":20,"column":1}},"1":{"start":{"line":4,"column":17},"end":{"line":4,"column":22}},"2":{"start":{"line":6,"column":36},"end":{"line":6,"column":45}},"3":{"start":{"line":7,"column":25},"end":{"line":7,"column":48}},"4":{"start":{"line":9,"column":4},"end":{"line":19,"column":6}}},"fnMap":{"0":{"name":"(anonymous_0)","decl":{"start":{"line":3,"column":20},"end":{"line":3,"column":21}},"loc":{"start":{"line":3,"column":29},"end":{"line":20,"column":1}},"line":3}},"branchMap":{},"s":{"0":1,"1":17,"2":17,"3":17,"4":17},"f":{"0":17},"b":{},"_coverageSchema":"1a1c01bbd47fc00a2c39e90264f33305004495a9","hash":"7c3a87af29ce35916a80fea52ce4cc03228653d7"}
,"C:\\Users\\pk219\\Desktop\\namasteReact\\src\\components\\Contact.js": {"path":"C:\\Users\\pk219\\Desktop\\namasteReact\\src\\components\\Contact.js","statementMap":{"0":{"start":{"line":1,"column":14},"end":{"line":5,"column":1}},"1":{"start":{"line":2,"column":4},"end":{"line":4,"column":12}}},"fnMap":{"0":{"name":"(anonymous_0)","decl":{"start":{"line":1,"column":14},"end":{"line":1,"column":15}},"loc":{"start":{"line":1,"column":18},"end":{"line":5,"column":1}},"line":1}},"branchMap":{},"s":{"0":1,"1":1},"f":{"0":1},"b":{},"_coverageSchema":"1a1c01bbd47fc00a2c39e90264f33305004495a9","hash":"4f3f58c86faaf1942f6db756f1f6049eddaf83c8"}
,"C:\\Users\\pk219\\Desktop\\namasteReact\\src\\components\\HeaderComponent.js": {"path":"C:\\Users\\pk219\\Desktop\\namasteReact\\src\\components\\HeaderComponent.js","statementMap":{"0":{"start":{"line":6,"column":22},"end":{"line":26,"column":1}},"1":{"start":{"line":8,"column":25},"end":{"line":8,"column":48}},"2":{"start":{"line":9,"column":20},"end":{"line":9,"column":58}},"3":{"start":{"line":9,"column":41},"end":{"line":9,"column":57}},"4":{"start":{"line":11,"column":4},"end":{"line":25,"column":12}}},"fnMap":{"0":{"name":"(anonymous_0)","decl":{"start":{"line":6,"column":22},"end":{"line":6,"column":23}},"loc":{"start":{"line":6,"column":26},"end":{"line":26,"column":1}},"line":6},"1":{"name":"(anonymous_1)","decl":{"start":{"line":9,"column":32},"end":{"line":9,"column":33}},"loc":{"start":{"line":9,"column":41},"end":{"line":9,"column":57}},"line":9}},"branchMap":{},"s":{"0":1,"1":1,"2":1,"3":2,"4":1},"f":{"0":1,"1":2},"b":{},"_coverageSchema":"1a1c01bbd47fc00a2c39e90264f33305004495a9","hash":"780fd348b07f511b1ab34be504fcaecaf1d0d48c"}
,"C:\\Users\\pk219\\Desktop\\namasteReact\\src\\components\\ModifiedCardComponent.js": {"path":"C:\\Users\\pk219\\Desktop\\namasteReact\\src\\components\\ModifiedCardComponent.js","statementMap":{"0":{"start":{"line":3,"column":28},"end":{"line":14,"column":1}},"1":{"start":{"line":4,"column":4},"end":{"line":12,"column":5}},"2":{"start":{"line":6,"column":8},"end":{"line":11,"column":9}}},"fnMap":{"0":{"name":"(anonymous_0)","decl":{"start":{"line":3,"column":28},"end":{"line":3,"column":29}},"loc":{"start":{"line":3,"column":45},"end":{"line":14,"column":1}},"line":3},"1":{"name":"(anonymous_1)","decl":{"start":{"line":4,"column":11},"end":{"line":4,"column":12}},"loc":{"start":{"line":4,"column":21},"end":{"line":12,"column":5}},"line":4}},"branchMap":{},"s":{"0":1,"1":4,"2":15},"f":{"0":4,"1":15},"b":{},"_coverageSchema":"1a1c01bbd47fc00a2c39e90264f33305004495a9","hash":"9afab3cd65f55c57d66fc3dfc066002e8165018c"}
,"C:\\Users\\pk219\\Desktop\\namasteReact\\src\\components\\Shimmer.js": {"path":"C:\\Users\\pk219\\Desktop\\namasteReact\\src\\components\\Shimmer.js","statementMap":{"0":{"start":{"line":1,"column":14},"end":{"line":17,"column":1}},"1":{"start":{"line":2,"column":4},"end":{"line":2,"column":34}},"2":{"start":{"line":3,"column":4},"end":{"line":16,"column":6}}},"fnMap":{"0":{"name":"(anonymous_0)","decl":{"start":{"line":1,"column":14},"end":{"line":1,"column":15}},"loc":{"start":{"line":1,"column":18},"end":{"line":17,"column":1}},"line":1}},"branchMap":{},"s":{"0":1,"1":1,"2":1},"f":{"0":1},"b":{},"_coverageSchema":"1a1c01bbd47fc00a2c39e90264f33305004495a9","hash":"8dfccda589e3b96a8b07f785dc0ecceeef54b0a4"}
,"C:\\Users\\pk219\\Desktop\\namasteReact\\src\\utils\\UserContext.js": {"path":"C:\\Users\\pk219\\Desktop\\namasteReact\\src\\utils\\UserContext.js","statementMap":{"0":{"start":{"line":3,"column":18},"end":{"line":7,"column":1}}},"fnMap":{},"branchMap":{},"s":{"0":2},"f":{},"b":{},"_coverageSchema":"1a1c01bbd47fc00a2c39e90264f33305004495a9","hash":"f21dffdb80c6ae37c554bf8a40c59822cd19bff7"}
,"C:\\Users\\pk219\\Desktop\\namasteReact\\src\\utils\\appStore.js": {"path":"C:\\Users\\pk219\\Desktop\\namasteReact\\src\\utils\\appStore.js","statementMap":{"0":{"start":{"line":4,"column":15},"end":{"line":8,"column":2}}},"fnMap":{},"branchMap":{},"s":{"0":2},"f":{},"b":{},"_coverageSchema":"1a1c01bbd47fc00a2c39e90264f33305004495a9","hash":"ee4fcd9855aea9ed46c637faa982bed653258409"}
,"C:\\Users\\pk219\\Desktop\\namasteReact\\src\\utils\\cartSlice.js": {"path":"C:\\Users\\pk219\\Desktop\\namasteReact\\src\\utils\\cartSlice.js","statementMap":{"0":{"start":{"line":3,"column":16},"end":{"line":22,"column":2}},"1":{"start":{"line":13,"column":12},"end":{"line":13,"column":44}},"2":{"start":{"line":16,"column":12},"end":{"line":16,"column":29}},"3":{"start":{"line":19,"column":12},"end":{"line":19,"column":32}},"4":{"start":{"line":24,"column":44},"end":{"line":24,"column":61}}},"fnMap":{"0":{"name":"(anonymous_0)","decl":{"start":{"line":12,"column":16},"end":{"line":12,"column":17}},"loc":{"start":{"line":12,"column":32},"end":{"line":14,"column":9}},"line":12},"1":{"name":"(anonymous_1)","decl":{"start":{"line":15,"column":19},"end":{"line":15,"column":20}},"loc":{"start":{"line":15,"column":28},"end":{"line":17,"column":9}},"line":15},"2":{"name":"(anonymous_2)","decl":{"start":{"line":18,"column":18},"end":{"line":18,"column":19}},"loc":{"start":{"line":18,"column":27},"end":{"line":20,"column":9}},"line":18}},"branchMap":{},"s":{"0":2,"1":0,"2":0,"3":0,"4":2},"f":{"0":0,"1":0,"2":0},"b":{},"_coverageSchema":"1a1c01bbd47fc00a2c39e90264f33305004495a9","hash":"16527b6d5f9caaab4fadc91bec14741b45aaca4e"}
,"C:\\Users\\pk219\\Desktop\\namasteReact\\src\\utils\\mockData.js": {"path":"C:\\Users\\pk219\\Desktop\\namasteReact\\src\\utils\\mockData.js","statementMap":{"0":{"start":{"line":1,"column":21},"end":{"line":772,"column":1}}},"fnMap":{},"branchMap":{},"s":{"0":1},"f":{},"b":{},"_coverageSchema":"1a1c01bbd47fc00a2c39e90264f33305004495a9","hash":"4121dd8cbfb3123d4d4c5ebbae9780435d5527be"}
}
