{"C:\\Users\\pk219\\Desktop\\namasteReact\\src\\components\\Contact.js": {"path":"C:\\Users\\pk219\\Desktop\\namasteReact\\src\\components\\Contact.js","statementMap":{"0":{"start":{"line":1,"column":14},"end":{"line":5,"column":1}},"1":{"start":{"line":2,"column":4},"end":{"line":4,"column":12}}},"fnMap":{"0":{"name":"(anonymous_0)","decl":{"start":{"line":1,"column":14},"end":{"line":1,"column":15}},"loc":{"start":{"line":1,"column":18},"end":{"line":5,"column":1}},"line":1}},"branchMap":{},"s":{"0":1,"1":1},"f":{"0":1},"b":{},"_coverageSchema":"1a1c01bbd47fc00a2c39e90264f33305004495a9","hash":"4f3f58c86faaf1942f6db756f1f6049eddaf83c8"}
,"C:\\Users\\pk219\\Desktop\\namasteReact\\src\\components\\HeaderComponent.js": {"path":"C:\\Users\\pk219\\Desktop\\namasteReact\\src\\components\\HeaderComponent.js","statementMap":{"0":{"start":{"line":6,"column":22},"end":{"line":26,"column":1}},"1":{"start":{"line":8,"column":25},"end":{"line":8,"column":48}},"2":{"start":{"line":9,"column":20},"end":{"line":9,"column":58}},"3":{"start":{"line":9,"column":41},"end":{"line":9,"column":57}},"4":{"start":{"line":11,"column":4},"end":{"line":25,"column":12}}},"fnMap":{"0":{"name":"(anonymous_0)","decl":{"start":{"line":6,"column":22},"end":{"line":6,"column":23}},"loc":{"start":{"line":6,"column":26},"end":{"line":26,"column":1}},"line":6},"1":{"name":"(anonymous_1)","decl":{"start":{"line":9,"column":32},"end":{"line":9,"column":33}},"loc":{"start":{"line":9,"column":41},"end":{"line":9,"column":57}},"line":9}},"branchMap":{},"s":{"0":1,"1":1,"2":1,"3":2,"4":1},"f":{"0":1,"1":2},"b":{},"_coverageSchema":"1a1c01bbd47fc00a2c39e90264f33305004495a9","hash":"780fd348b07f511b1ab34be504fcaecaf1d0d48c"}
,"C:\\Users\\pk219\\Desktop\\namasteReact\\src\\utils\\UserContext.js": {"path":"C:\\Users\\pk219\\Desktop\\namasteReact\\src\\utils\\UserContext.js","statementMap":{"0":{"start":{"line":3,"column":18},"end":{"line":7,"column":1}}},"fnMap":{},"branchMap":{},"s":{"0":1},"f":{},"b":{},"_coverageSchema":"1a1c01bbd47fc00a2c39e90264f33305004495a9","hash":"f21dffdb80c6ae37c554bf8a40c59822cd19bff7"}
,"C:\\Users\\pk219\\Desktop\\namasteReact\\src\\utils\\appStore.js": {"path":"C:\\Users\\pk219\\Desktop\\namasteReact\\src\\utils\\appStore.js","statementMap":{"0":{"start":{"line":4,"column":15},"end":{"line":8,"column":2}}},"fnMap":{},"branchMap":{},"s":{"0":1},"f":{},"b":{},"_coverageSchema":"1a1c01bbd47fc00a2c39e90264f33305004495a9","hash":"ee4fcd9855aea9ed46c637faa982bed653258409"}
,"C:\\Users\\pk219\\Desktop\\namasteReact\\src\\utils\\cartSlice.js": {"path":"C:\\Users\\pk219\\Desktop\\namasteReact\\src\\utils\\cartSlice.js","statementMap":{"0":{"start":{"line":3,"column":16},"end":{"line":19,"column":2}},"1":{"start":{"line":10,"column":12},"end":{"line":10,"column":44}},"2":{"start":{"line":13,"column":12},"end":{"line":13,"column":29}},"3":{"start":{"line":16,"column":12},"end":{"line":16,"column":32}},"4":{"start":{"line":21,"column":44},"end":{"line":21,"column":61}}},"fnMap":{"0":{"name":"(anonymous_0)","decl":{"start":{"line":9,"column":16},"end":{"line":9,"column":17}},"loc":{"start":{"line":9,"column":32},"end":{"line":11,"column":9}},"line":9},"1":{"name":"(anonymous_1)","decl":{"start":{"line":12,"column":19},"end":{"line":12,"column":20}},"loc":{"start":{"line":12,"column":28},"end":{"line":14,"column":9}},"line":12},"2":{"name":"(anonymous_2)","decl":{"start":{"line":15,"column":18},"end":{"line":15,"column":19}},"loc":{"start":{"line":15,"column":27},"end":{"line":17,"column":9}},"line":15}},"branchMap":{},"s":{"0":1,"1":0,"2":0,"3":0,"4":1},"f":{"0":0,"1":0,"2":0},"b":{},"_coverageSchema":"1a1c01bbd47fc00a2c39e90264f33305004495a9","hash":"0282814f53d0da9d94c675222aafafa20e914b79"}
}
