TN:
SF:src\components\BodyComponent.js
FN:11,(anonymous_0)
FN:18,(anonymous_1)
FN:26,(anonymous_2)
FN:29,(anonymous_3)
FN:51,(anonymous_4)
FN:54,(anonymous_5)
FN:56,(anonymous_6)
FN:61,(anonymous_7)
FN:62,(anonymous_8)
FN:68,(anonymous_9)
FN:72,(anonymous_10)
FNF:11
FNH:7
FNDA:5,(anonymous_0)
FNDA:0,(anonymous_1)
FNDA:1,(anonymous_2)
FNDA:1,(anonymous_3)
FNDA:1,(anonymous_4)
FNDA:1,(anonymous_5)
FNDA:8,(anonymous_6)
FNDA:0,(anonymous_7)
FNDA:0,(anonymous_8)
FNDA:0,(anonymous_9)
FNDA:17,(anonymous_10)
DA:11,1
DA:12,5
DA:13,4
DA:14,4
DA:15,4
DA:17,4
DA:18,4
DA:19,0
DA:20,0
DA:22,4
DA:24,4
DA:26,4
DA:27,1
DA:29,4
DA:31,1
DA:32,1
DA:33,1
DA:37,0
DA:39,1
DA:40,1
DA:42,1
DA:43,1
DA:45,4
DA:46,4
DA:47,4
DA:48,4
DA:51,1
DA:52,1
DA:55,1
DA:56,8
DA:57,1
DA:58,1
DA:62,0
DA:63,0
DA:64,0
DA:68,0
DA:69,0
DA:73,17
DA:74,17
LF:39
LH:31
BRDA:48,0,0,1
BRDA:48,0,1,3
BRDA:74,1,0,15
BRDA:74,1,1,2
BRF:4
BRH:4
end_of_record
TN:
SF:src\components\CardComponent.js
FN:3,(anonymous_0)
FNF:1
FNH:1
FNDA:17,(anonymous_0)
DA:3,1
DA:4,17
DA:6,17
DA:7,17
DA:9,17
LF:5
LH:5
BRF:0
BRH:0
end_of_record
TN:
SF:src\components\Contact.js
FN:1,(anonymous_0)
FNF:1
FNH:1
FNDA:1,(anonymous_0)
DA:1,1
DA:2,1
LF:2
LH:2
BRF:0
BRH:0
end_of_record
TN:
SF:src\components\HeaderComponent.js
FN:6,(anonymous_0)
FN:9,(anonymous_1)
FNF:2
FNH:2
FNDA:1,(anonymous_0)
FNDA:2,(anonymous_1)
DA:6,1
DA:8,1
DA:9,2
DA:11,1
LF:4
LH:4
BRF:0
BRH:0
end_of_record
TN:
SF:src\components\ModifiedCardComponent.js
FN:3,(anonymous_0)
FN:4,(anonymous_1)
FNF:2
FNH:2
FNDA:4,(anonymous_0)
FNDA:15,(anonymous_1)
DA:3,1
DA:4,4
DA:6,15
LF:3
LH:3
BRF:0
BRH:0
end_of_record
TN:
SF:src\components\Shimmer.js
FN:1,(anonymous_0)
FNF:1
FNH:1
FNDA:1,(anonymous_0)
DA:1,1
DA:2,1
DA:3,1
LF:3
LH:3
BRF:0
BRH:0
end_of_record
TN:
SF:src\utils\UserContext.js
FNF:0
FNH:0
DA:3,2
LF:1
LH:1
BRF:0
BRH:0
end_of_record
TN:
SF:src\utils\appStore.js
FNF:0
FNH:0
DA:4,2
LF:1
LH:1
BRF:0
BRH:0
end_of_record
TN:
SF:src\utils\cartSlice.js
FN:12,(anonymous_0)
FN:15,(anonymous_1)
FN:18,(anonymous_2)
FNF:3
FNH:0
FNDA:0,(anonymous_0)
FNDA:0,(anonymous_1)
FNDA:0,(anonymous_2)
DA:3,2
DA:13,0
DA:16,0
DA:19,0
DA:24,2
LF:5
LH:2
BRF:0
BRH:0
end_of_record
TN:
SF:src\utils\mockData.js
FNF:0
FNH:0
DA:1,1
LF:1
LH:1
BRF:0
BRH:0
end_of_record
